mode: set
github.com/rafaelcamelo31/graduate-go-course/2-module/testing/tax.go:3.43,4.17 1 1
github.com/rafaelcamelo31/graduate-go-course/2-module/testing/tax.go:4.17,6.3 1 1
github.com/rafaelcamelo31/graduate-go-course/2-module/testing/tax.go:7.2,7.38 1 1
github.com/rafaelcamelo31/graduate-go-course/2-module/testing/tax.go:7.38,9.3 1 1
github.com/rafaelcamelo31/graduate-go-course/2-module/testing/tax.go:10.2,10.21 1 1
github.com/rafaelcamelo31/graduate-go-course/2-module/testing/tax.go:10.21,12.3 1 1
github.com/rafaelcamelo31/graduate-go-course/2-module/testing/tax.go:13.2,13.12 1 1
